#
# There is insufficient memory for the Java Runtime Environment to continue.
# Native memory allocation (malloc) failed to allocate 1048576 bytes for AllocateHeap
# Possible reasons:
#   The system is out of physical RAM or swap space
#   The process is running with CompressedOops enabled, and the Java Heap may be blocking the growth of the native heap
# Possible solutions:
#   Reduce memory load on the system
#   Increase physical memory or swap space
#   Check if swap backing store is full
#   Decrease Java heap size (-Xmx/-Xms)
#   Decrease number of Java threads
#   Decrease Java thread stack sizes (-Xss)
#   Set larger code cache with -XX:ReservedCodeCacheSize=
#   JVM is running with Unscaled Compressed Oops mode in which the Java heap is
#     placed in the first 4GB address space. The Java Heap base address is the
#     maximum limit for the native heap growth. Please use -XX:HeapBaseMinAddress
#     to set the Java Heap base and to place the Java Heap above 4GB virtual address.
# This output file may be truncated or incomplete.
#
#  Out of Memory Error (memory/allocation.inline.hpp:63), pid=11864, tid=4836
#
# JRE version: Java(TM) SE Runtime Environment (10.0.1+10) (build 10.0.1+10)
# Java VM: Java HotSpot(TM) 64-Bit Server VM (10.0.1+10, mixed mode, tiered, compressed oops, g1 gc, windows-amd64)
# No core dump will be written. Minidumps are not enabled by default on client versions of Windows
#

---------------  S U M M A R Y ------------

Command Line: -javaagent:C:\Program Files\JetBrains\IntelliJ IDEA Community Edition 2020.1.2\lib\idea_rt.jar=57643:C:\Program Files\JetBrains\IntelliJ IDEA Community Edition 2020.1.2\bin -Dfile.encoding=UTF-8 MainKt

Host: Intel(R) Core(TM) i5-8250U CPU @ 1.60GHz, 8 cores, 7G,  Windows 10 , 64 bit Build 18362 (10.0.18362.900)
Time: Wed Jul 22 11:34:24 2020 ???? (?W?€??) elapsed time: 1 seconds (0d 0h 0m 1s)

---------------  T H R E A D  ---------------

Current thread (0x000001d3ff019800):  VMThread "VM Thread" [stack: 0x0000004e72e00000,0x0000004e72f00000] [id=4836]

Stack: [0x0000004e72e00000,0x0000004e72f00000]
[error occurred during error reporting (printing stack bounds), id 0xe0000001]

Native frames: (J=compiled Java code, j=interpreted, Vv=VM code, C=native code)
V  [jvm.dll+0x5a0369]
V  [jvm.dll+0x6bcf81]
V  [jvm.dll+0x6be176]
V  [jvm.dll+0x6be765]
V  [jvm.dll+0x6be71b]
V  [jvm.dll+0x59fb63]
V  [jvm.dll+0x59ff68]
C  [ntdll.dll+0xa11cf]
C  [ntdll.dll+0x6a209]
C  [ntdll.dll+0x9fe3e]
C  0x000001d38b2b0ead

VM_Operation (0x0000004e732fc6a0): CollectForMetadataAllocation, mode: safepoint, requested by thread 0x000001d3ff91c800


---------------  P R O C E S S  ---------------

Threads class SMR info:
_java_thread_list=0x000001d3ff037300, length=13, elements={
0x000001d3f9308800, 0x000001d3ff01d000, 0x000001d3ff02c000, 0x000001d3ff035000,
0x000001d3ff91c800, 0x000001d3ff923000, 0x000001d3ff038000, 0x000001d3ff03c000,
0x000001d3ff03d000, 0x000001d3ff93c000, 0x000001d39e2d2800, 0x000001d39e25d000,
0x000001d39e2e6000
}

Java Threads: ( => current thread )
  0x000001d3f9308800 JavaThread "main" [_thread_blocked, id=14604, stack(0x0000004e71900000,0x0000004e71a00000)]
  0x000001d3ff01d000 JavaThread "Reference Handler" daemon [_thread_blocked, id=14504, stack(0x0000004e72f00000,0x0000004e73000000)]
  0x000001d3ff02c000 JavaThread "Finalizer" daemon [_thread_blocked, id=860, stack(0x0000004e73000000,0x0000004e73100000)]
  0x000001d3ff035000 JavaThread "Signal Dispatcher" daemon [_thread_blocked, id=10340, stack(0x0000004e73100000,0x0000004e73200000)]
  0x000001d3ff91c800 JavaThread "Attach Listener" daemon [_thread_blocked, id=11644, stack(0x0000004e73200000,0x0000004e73300000)]
  0x000001d3ff923000 JavaThread "C2 CompilerThread0" daemon [_thread_blocked, id=16916, stack(0x0000004e73300000,0x0000004e73400000)]
  0x000001d3ff038000 JavaThread "C2 CompilerThread1" daemon [_thread_blocked, id=13600, stack(0x0000004e73400000,0x0000004e73500000)]
  0x000001d3ff03c000 JavaThread "C2 CompilerThread2" daemon [_thread_blocked, id=5584, stack(0x0000004e73500000,0x0000004e73600000)]
  0x000001d3ff03d000 JavaThread "C1 CompilerThread3" daemon [_thread_blocked, id=6820, stack(0x0000004e73600000,0x0000004e73700000)]
  0x000001d3ff93c000 JavaThread "Sweeper thread" daemon [_thread_blocked, id=12620, stack(0x0000004e73700000,0x0000004e73800000)]
  0x000001d39e2d2800 JavaThread "Common-Cleaner" daemon [_thread_blocked, id=11396, stack(0x0000004e73800000,0x0000004e73900000)]
  0x000001d39e25d000 JavaThread "Monitor Ctrl-Break" daemon [_thread_in_native, id=15884, stack(0x0000004e73900000,0x0000004e73a00000)]
  0x000001d39e2e6000 JavaThread "Service Thread" daemon [_thread_blocked, id=14148, stack(0x0000004e73a00000,0x0000004e73b00000)]

Other Threads:
=>0x000001d3ff019800 VMThread "VM Thread" [stack: 0x0000004e72e00000,0x0000004e72f00000] [id=4836]
  0x000001d39e2d1000 WatcherThread [stack: 0x0000004e73b00000,0x0000004e73c00000] [id=16836]
  0x000001d3f9322800 GCTaskThread "GC Thread#0" [stack: 0x0000004e71a00000,0x0000004e71b00000] [id=10876]
  0x000001d3f9324000 GCTaskThread "GC Thread#1" [stack: 0x0000004e71b00000,0x0000004e71c00000] [id=10356]
  0x000001d3f9326000 GCTaskThread "GC Thread#2" [stack: 0x0000004e71c00000,0x0000004e71d00000] [id=9000]
  0x000001d3f932c000 GCTaskThread "GC Thread#3" [stack: 0x0000004e71d00000,0x0000004e71e00000] [id=2500]
  0x000001d3f932f800 GCTaskThread "GC Thread#4" [stack: 0x0000004e71e00000,0x0000004e71f00000] [id=7312]
  0x000001d3f9330000 GCTaskThread "GC Thread#5" [stack: 0x0000004e71f00000,0x0000004e72000000] [id=1908]
  0x000001d3f9331800 GCTaskThread "GC Thread#6" [stack: 0x0000004e72000000,0x0000004e72100000] [id=13244]
  0x000001d3f9332800 GCTaskThread "GC Thread#7" [stack: 0x0000004e72100000,0x0000004e72200000] [id=1688]
  0x000001d3f93a9000 ConcurrentGCThread "G1 Main Marker" [stack: 0x0000004e72200000,0x0000004e72300000] [id=13184]
  0x000001d3f93ab000 ConcurrentGCThread "G1 Conc#0" [stack: 0x0000004e72300000,0x0000004e72400000] [id=16288]
  0x000001d3f93ae000 ConcurrentGCThread "G1 Conc#1" [stack: 0x0000004e72400000,0x0000004e72500000] [id=14508]
  0x000001d3f93dd800 ConcurrentGCThread "G1 Refine#0" [stack: 0x0000004e72500000,0x0000004e72600000] [id=5696]
  0x000001d3f93de000 ConcurrentGCThread "G1 Refine#1" [stack: 0x0000004e72600000,0x0000004e72700000] [id=15540]
  0x000001d3fee94800 ConcurrentGCThread "G1 Refine#2" [stack: 0x0000004e72700000,0x0000004e72800000] [id=12868]
  0x000001d3fee97800 ConcurrentGCThread "G1 Refine#3" [stack: 0x0000004e72800000,0x0000004e72900000] [id=15896]
  0x000001d3fee98800 ConcurrentGCThread "G1 Refine#4" [stack: 0x0000004e72900000,0x0000004e72a00000] [id=15420]
  0x000001d3fee9b800 ConcurrentGCThread "G1 Refine#5" [stack: 0x0000004e72a00000,0x0000004e72b00000] [id=7984]
  0x000001d3feea6000 ConcurrentGCThread "G1 Refine#6" [stack: 0x0000004e72b00000,0x0000004e72c00000] [id=16480]
  0x000001d3feea9000 ConcurrentGCThread "G1 Refine#7" [stack: 0x0000004e72c00000,0x0000004e72d00000] [id=8976]
  0x000001d3feea9800 ConcurrentGCThread "G1 Young RemSet Sampling" [stack: 0x0000004e72d00000,0x0000004e72e00000] [id=13984]

Threads with active compile tasks:

VM state:at safepoint (normal execution)

VM Mutex/Monitor currently owned by a thread:  ([mutex/lock_event])
[0x000001d3f9306b50] Threads_lock - owner thread: 0x000001d3ff019800
[0x000001d3f9305710] Heap_lock - owner thread: 0x000001d3ff91c800

Heap address: 0x0000000081e00000, size: 2018 MB, Compressed Oops mode: 32-bit
Narrow klass base: 0x0000000000000000, Narrow klass shift: 3
Compressed class space size: 1073741824 Address: 0x0000000100000000

Heap:
 garbage-first heap   total 131072K, used 1834K [0x0000000081e00000, 0x0000000100000000)
  region size 1024K, 2 young (2048K), 2 survivors (2048K)
 Metaspace       used 7388K, capacity 7478K, committed 7552K, reserved 1067008K
  class space    used 564K, capacity 594K, committed 640K, reserved 1048576K
Heap Regions: E=young(eden), S=young(survivor), O=old, HS=humongous(starts), HC=humongous(continues), CS=collection set, F=free, A=archive, TS=gc time stamp, AC=allocation context, TAMS=top-at-mark-start (previous, next)
|   0|0x0000000081e00000, 0x0000000081e00000, 0x0000000081f00000|  0%| F|  |TS  1|AC  0|TAMS 0x0000000081e00000, 0x0000000081e00000|
|   1|0x0000000081f00000, 0x0000000081f00000, 0x0000000082000000|  0%| F|  |TS  0|AC  0|TAMS 0x0000000081f00000, 0x0000000081f00000|
|   2|0x0000000082000000, 0x0000000082000000, 0x0000000082100000|  0%| F|  |TS  0|AC  0|TAMS 0x0000000082000000, 0x0000000082000000|
|   3|0x0000000082100000, 0x0000000082100000, 0x0000000082200000|  0%| F|  |TS  0|AC  0|TAMS 0x0000000082100000, 0x0000000082100000|
|   4|0x0000000082200000, 0x0000000082200000, 0x0000000082300000|  0%| F|  |TS  0|AC  0|TAMS 0x0000000082200000, 0x0000000082200000|
|   5|0x0000000082300000, 0x0000000082300000, 0x0000000082400000|  0%| F|  |TS  0|AC  0|TAMS 0x0000000082300000, 0x0000000082300000|
|   6|0x0000000082400000, 0x0000000082400000, 0x0000000082500000|  0%| F|  |TS  0|AC  0|TAMS 0x0000000082400000, 0x0000000082400000|
|   7|0x0000000082500000, 0x0000000082500000, 0x0000000082600000|  0%| F|  |TS  0|AC  0|TAMS 0x0000000082500000, 0x0000000082500000|
|   8|0x0000000082600000, 0x0000000082600000, 0x0000000082700000|  0%| F|  |TS  0|AC  0|TAMS 0x0000000082600000, 0x0000000082600000|
|   9|0x0000000082700000, 0x0000000082700000, 0x0000000082800000|  0%| F|  |TS  0|AC  0|TAMS 0x0000000082700000, 0x0000000082700000|
|  10|0x0000000082800000, 0x0000000082800000, 0x0000000082900000|  0%| F|  |TS  0|AC  0|TAMS 0x0000000082800000, 0x0000000082800000|
|  11|0x0000000082900000, 0x0000000082900000, 0x0000000082a00000|  0%| F|  |TS  0|AC  0|TAMS 0x0000000082900000, 0x0000000082900000|
|  12|0x0000000082a00000, 0x0000000082a00000, 0x0000000082b00000|  0%| F|  |TS  0|AC  0|TAMS 0x0000000082a00000, 0x0000000082a00000|
|  13|0x0000000082b00000, 0x0000000082b00000, 0x0000000082c00000|  0%| F|  |TS  0|AC  0|TAMS 0x0000000082b00000, 0x0000000082b00000|
|  14|0x0000000082c00000, 0x0000000082c00000, 0x0000000082d00000|  0%| F|  |TS  0|AC  0|TAMS 0x0000000082c00000, 0x0000000082c00000|
|  15|0x0000000082d00000, 0x0000000082d00000, 0x0000000082e00000|  0%| F|  |TS  0|AC  0|TAMS 0x0000000082d00000, 0x0000000082d00000|
|  16|0x0000000082e00000, 0x0000000082e00000, 0x0000000082f00000|  0%| F|  |TS  0|AC  0|TAMS 0x0000000082e00000, 0x0000000082e00000|
|  17|0x0000000082f00000, 0x0000000082f00000, 0x0000000083000000|  0%| F|  |TS  0|AC  0|TAMS 0x0000000082f00000, 0x0000000082f00000|
|  18|0x0000000083000000, 0x0000000083000000, 0x0000000083100000|  0%| F|  |TS  0|AC  0|TAMS 0x0000000083000000, 0x0000000083000000|
|  19|0x0000000083100000, 0x0000000083100000, 0x0000000083200000|  0%| F|  |TS  0|AC  0|TAMS 0x0000000083100000, 0x0000000083100000|
|  20|0x0000000083200000, 0x0000000083200000, 0x0000000083300000|  0%| F|  |TS  0|AC  0|TAMS 0x0000000083200000, 0x0000000083200000|
|  21|0x0000000083300000, 0x0000000083300000, 0x0000000083400000|  0%| F|  |TS  0|AC  0|TAMS 0x0000000083300000, 0x0000000083300000|
|  22|0x0000000083400000, 0x0000000083400000, 0x0000000083500000|  0%| F|  |TS  0|AC  0|TAMS 0x0000000083400000, 0x0000000083400000|
|  23|0x0000000083500000, 0x0000000083500000, 0x0000000083600000|  0%| F|  |TS  0|AC  0|TAMS 0x0000000083500000, 0x0000000083500000|
|  24|0x0000000083600000, 0x0000000083600000, 0x0000000083700000|  0%| F|  |TS  0|AC  0|TAMS 0x0000000083600000, 0x0000000083600000|
|  25|0x0000000083700000, 0x0000000083700000, 0x0000000083800000|  0%| F|  |TS  0|AC  0|TAMS 0x0000000083700000, 0x0000000083700000|
|  26|0x0000000083800000, 0x0000000083800000, 0x0000000083900000|  0%| F|  |TS  0|AC  0|TAMS 0x0000000083800000, 0x0000000083800000|
|  27|0x0000000083900000, 0x0000000083900000, 0x0000000083a00000|  0%| F|  |TS  0|AC  0|TAMS 0x0000000083900000, 0x0000000083900000|
|  28|0x0000000083a00000, 0x0000000083a00000, 0x0000000083b00000|  0%| F|  |TS  0|AC  0|TAMS 0x0000000083a00000, 0x0000000083a00000|
|  29|0x0000000083b00000, 0x0000000083b00000, 0x0000000083c00000|  0%| F|  |TS  0|AC  0|TAMS 0x0000000083b00000, 0x0000000083b00000|
|  30|0x0000000083c00000, 0x0000000083c00000, 0x0000000083d00000|  0%| F|  |TS  0|AC  0|TAMS 0x0000000083c00000, 0x0000000083c00000|
|  31|0x0000000083d00000, 0x0000000083d00000, 0x0000000083e00000|  0%| F|  |TS  0|AC  0|TAMS 0x0000000083d00000, 0x0000000083d00000|
|  32|0x0000000083e00000, 0x0000000083e00000, 0x0000000083f00000|  0%| F|  |TS  0|AC  0|TAMS 0x0000000083e00000, 0x0000000083e00000|
|  33|0x0000000083f00000, 0x0000000083f00000, 0x0000000084000000|  0%| F|  |TS  0|AC  0|TAMS 0x0000000083f00000, 0x0000000083f00000|
|  34|0x0000000084000000, 0x0000000084000000, 0x0000000084100000|  0%| F|  |TS  0|AC  0|TAMS 0x0000000084000000, 0x0000000084000000|
|  35|0x0000000084100000, 0x0000000084100000, 0x0000000084200000|  0%| F|  |TS  0|AC  0|TAMS 0x0000000084100000, 0x0000000084100000|
|  36|0x0000000084200000, 0x0000000084200000, 0x0000000084300000|  0%| F|  |TS  0|AC  0|TAMS 0x0000000084200000, 0x0000000084200000|
|  37|0x0000000084300000, 0x0000000084300000, 0x0000000084400000|  0%| F|  |TS  0|AC  0|TAMS 0x0000000084300000, 0x0000000084300000|
|  38|0x0000000084400000, 0x0000000084400000, 0x0000000084500000|  0%| F|  |TS  0|AC  0|TAMS 0x0000000084400000, 0x0000000084400000|
|  39|0x0000000084500000, 0x0000000084500000, 0x0000000084600000|  0%| F|  |TS  0|AC  0|TAMS 0x0000000084500000, 0x0000000084500000|
|  40|0x0000000084600000, 0x0000000084600000, 0x0000000084700000|  0%| F|  |TS  0|AC  0|TAMS 0x0000000084600000, 0x0000000084600000|
|  41|0x0000000084700000, 0x0000000084700000, 0x0000000084800000|  0%| F|  |TS  0|AC  0|TAMS 0x0000000084700000, 0x0000000084700000|
|  42|0x0000000084800000, 0x0000000084800000, 0x0000000084900000|  0%| F|  |TS  0|AC  0|TAMS 0x0000000084800000, 0x0000000084800000|
|  43|0x0000000084900000, 0x0000000084900000, 0x0000000084a00000|  0%| F|  |TS  0|AC  0|TAMS 0x0000000084900000, 0x0000000084900000|
|  44|0x0000000084a00000, 0x0000000084a00000, 0x0000000084b00000|  0%| F|  |TS  0|AC  0|TAMS 0x0000000084a00000, 0x0000000084a00000|
|  45|0x0000000084b00000, 0x0000000084b00000, 0x0000000084c00000|  0%| F|  |TS  0|AC  0|TAMS 0x0000000084b00000, 0x0000000084b00000|
|  46|0x0000000084c00000, 0x0000000084c00000, 0x0000000084d00000|  0%| F|  |TS  0|AC  0|TAMS 0x0000000084c00000, 0x0000000084c00000|
|  47|0x0000000084d00000, 0x0000000084d00000, 0x0000000084e00000|  0%| F|  |TS  0|AC  0|TAMS 0x0000000084d00000, 0x0000000084d00000|
|  48|0x0000000084e00000, 0x0000000084e00000, 0x0000000084f00000|  0%| F|  |TS  0|AC  0|TAMS 0x0000000084e00000, 0x0000000084e00000|
|  49|0x0000000084f00000, 0x0000000084f00000, 0x0000000085000000|  0%| F|  |TS  0|AC  0|TAMS 0x0000000084f00000, 0x0000000084f00000|
|  50|0x0000000085000000, 0x0000000085000000, 0x0000000085100000|  0%| F|  |TS  0|AC  0|TAMS 0x0000000085000000, 0x0000000085000000|
|  51|0x0000000085100000, 0x0000000085100000, 0x0000000085200000|  0%| F|  |TS  0|AC  0|TAMS 0x0000000085100000, 0x0000000085100000|
|  52|0x0000000085200000, 0x0000000085200000, 0x0000000085300000|  0%| F|  |TS  0|AC  0|TAMS 0x0000000085200000, 0x0000000085200000|
|  53|0x0000000085300000, 0x0000000085300000, 0x0000000085400000|  0%| F|  |TS  0|AC  0|TAMS 0x0000000085300000, 0x0000000085300000|
|  54|0x0000000085400000, 0x0000000085400000, 0x0000000085500000|  0%| F|  |TS  0|AC  0|TAMS 0x0000000085400000, 0x0000000085400000|
|  55|0x0000000085500000, 0x0000000085500000, 0x0000000085600000|  0%| F|  |TS  0|AC  0|TAMS 0x0000000085500000, 0x0000000085500000|
|  56|0x0000000085600000, 0x0000000085600000, 0x0000000085700000|  0%| F|  |TS  0|AC  0|TAMS 0x0000000085600000, 0x0000000085600000|
|  57|0x0000000085700000, 0x0000000085700000, 0x0000000085800000|  0%| F|  |TS  0|AC  0|TAMS 0x0000000085700000, 0x0000000085700000|
|  58|0x0000000085800000, 0x0000000085800000, 0x0000000085900000|  0%| F|  |TS  0|AC  0|TAMS 0x0000000085800000, 0x0000000085800000|
|  59|0x0000000085900000, 0x0000000085900000, 0x0000000085a00000|  0%| F|  |TS  0|AC  0|TAMS 0x0000000085900000, 0x0000000085900000|
|  60|0x0000000085a00000, 0x0000000085a00000, 0x0000000085b00000|  0%| F|  |TS  0|AC  0|TAMS 0x0000000085a00000, 0x0000000085a00000|
|  61|0x0000000085b00000, 0x0000000085b00000, 0x0000000085c00000|  0%| F|  |TS  0|AC  0|TAMS 0x0000000085b00000, 0x0000000085b00000|
|  62|0x0000000085c00000, 0x0000000085c00000, 0x0000000085d00000|  0%| F|  |TS  0|AC  0|TAMS 0x0000000085c00000, 0x0000000085c00000|
|  63|0x0000000085d00000, 0x0000000085d00000, 0x0000000085e00000|  0%| F|  |TS  0|AC  0|TAMS 0x0000000085d00000, 0x0000000085d00000|
|  64|0x0000000085e00000, 0x0000000085e00000, 0x0000000085f00000|  0%| F|  |TS  0|AC  0|TAMS 0x0000000085e00000, 0x0000000085e00000|
|  65|0x0000000085f00000, 0x0000000085f00000, 0x0000000086000000|  0%| F|  |TS  0|AC  0|TAMS 0x0000000085f00000, 0x0000000085f00000|
|  66|0x0000000086000000, 0x0000000086000000, 0x0000000086100000|  0%| F|  |TS  0|AC  0|TAMS 0x0000000086000000, 0x0000000086000000|
|  67|0x0000000086100000, 0x0000000086100000, 0x0000000086200000|  0%| F|  |TS  0|AC  0|TAMS 0x0000000086100000, 0x0000000086100000|
|  68|0x0000000086200000, 0x0000000086200000, 0x0000000086300000|  0%| F|  |TS  0|AC  0|TAMS 0x0000000086200000, 0x0000000086200000|
|  69|0x0000000086300000, 0x0000000086300000, 0x0000000086400000|  0%| F|  |TS  0|AC  0|TAMS 0x0000000086300000, 0x0000000086300000|
|  70|0x0000000086400000, 0x0000000086400000, 0x0000000086500000|  0%| F|  |TS  0|AC  0|TAMS 0x0000000086400000, 0x0000000086400000|
|  71|0x0000000086500000, 0x0000000086500000, 0x0000000086600000|  0%| F|  |TS  0|AC  0|TAMS 0x0000000086500000, 0x0000000086500000|
|  72|0x0000000086600000, 0x0000000086600000, 0x0000000086700000|  0%| F|  |TS  0|AC  0|TAMS 0x0000000086600000, 0x0000000086600000|
|  73|0x0000000086700000, 0x0000000086700000, 0x0000000086800000|  0%| F|  |TS  0|AC  0|TAMS 0x0000000086700000, 0x0000000086700000|
|  74|0x0000000086800000, 0x0000000086800000, 0x0000000086900000|  0%| F|  |TS  0|AC  0|TAMS 0x0000000086800000, 0x0000000086800000|
|  75|0x0000000086900000, 0x0000000086900000, 0x0000000086a00000|  0%| F|  |TS  0|AC  0|TAMS 0x0000000086900000, 0x0000000086900000|
|  76|0x0000000086a00000, 0x0000000086a00000, 0x0000000086b00000|  0%| F|  |TS  0|AC  0|TAMS 0x0000000086a00000, 0x0000000086a00000|
|  77|0x0000000086b00000, 0x0000000086b00000, 0x0000000086c00000|  0%| F|  |TS  0|AC  0|TAMS 0x0000000086b00000, 0x0000000086b00000|
|  78|0x0000000086c00000, 0x0000000086c00000, 0x0000000086d00000|  0%| F|  |TS  0|AC  0|TAMS 0x0000000086c00000, 0x0000000086c00000|
|  79|0x0000000086d00000, 0x0000000086d00000, 0x0000000086e00000|  0%| F|  |TS  0|AC  0|TAMS 0x0000000086d00000, 0x0000000086d00000|
|  80|0x0000000086e00000, 0x0000000086e00000, 0x0000000086f00000|  0%| F|  |TS  0|AC  0|TAMS 0x0000000086e00000, 0x0000000086e00000|
|  81|0x0000000086f00000, 0x0000000086f00000, 0x0000000087000000|  0%| F|  |TS  0|AC  0|TAMS 0x0000000086f00000, 0x0000000086f00000|
|  82|0x0000000087000000, 0x0000000087000000, 0x0000000087100000|  0%| F|  |TS  0|AC  0|TAMS 0x0000000087000000, 0x0000000087000000|
|  83|0x0000000087100000, 0x0000000087100000, 0x0000000087200000|  0%| F|  |TS  0|AC  0|TAMS 0x0000000087100000, 0x0000000087100000|
|  84|0x0000000087200000, 0x0000000087200000, 0x0000000087300000|  0%| F|  |TS  0|AC  0|TAMS 0x0000000087200000, 0x0000000087200000|
|  85|0x0000000087300000, 0x0000000087300000, 0x0000000087400000|  0%| F|  |TS  0|AC  0|TAMS 0x0000000087300000, 0x0000000087300000|
|  86|0x0000000087400000, 0x0000000087400000, 0x0000000087500000|  0%| F|  |TS  0|AC  0|TAMS 0x0000000087400000, 0x0000000087400000|
|  87|0x0000000087500000, 0x0000000087500000, 0x0000000087600000|  0%| F|  |TS  0|AC  0|TAMS 0x0000000087500000, 0x0000000087500000|
|  88|0x0000000087600000, 0x0000000087600000, 0x0000000087700000|  0%| F|  |TS  0|AC  0|TAMS 0x0000000087600000, 0x0000000087600000|
|  89|0x0000000087700000, 0x0000000087700000, 0x0000000087800000|  0%| F|  |TS  0|AC  0|TAMS 0x0000000087700000, 0x0000000087700000|
|  90|0x0000000087800000, 0x0000000087800000, 0x0000000087900000|  0%| F|  |TS  0|AC  0|TAMS 0x0000000087800000, 0x0000000087800000|
|  91|0x0000000087900000, 0x0000000087900000, 0x0000000087a00000|  0%| F|  |TS  0|AC  0|TAMS 0x0000000087900000, 0x0000000087900000|
|  92|0x0000000087a00000, 0x0000000087a00000, 0x0000000087b00000|  0%| F|  |TS  0|AC  0|TAMS 0x0000000087a00000, 0x0000000087a00000|
|  93|0x0000000087b00000, 0x0000000087b00000, 0x0000000087c00000|  0%| F|  |TS  0|AC  0|TAMS 0x0000000087b00000, 0x0000000087b00000|
|  94|0x0000000087c00000, 0x0000000087c00000, 0x0000000087d00000|  0%| F|  |TS  0|AC  0|TAMS 0x0000000087c00000, 0x0000000087c00000|
|  95|0x0000000087d00000, 0x0000000087d00000, 0x0000000087e00000|  0%| F|  |TS  0|AC  0|TAMS 0x0000000087d00000, 0x0000000087d00000|
|  96|0x0000000087e00000, 0x0000000087e00000, 0x0000000087f00000|  0%| F|  |TS  0|AC  0|TAMS 0x0000000087e00000, 0x0000000087e00000|
|  97|0x0000000087f00000, 0x0000000087f00000, 0x0000000088000000|  0%| F|  |TS  0|AC  0|TAMS 0x0000000087f00000, 0x0000000087f00000|
|  98|0x0000000088000000, 0x0000000088000000, 0x0000000088100000|  0%| F|  |TS  0|AC  0|TAMS 0x0000000088000000, 0x0000000088000000|
|  99|0x0000000088100000, 0x0000000088100000, 0x0000000088200000|  0%| F|  |TS  0|AC  0|TAMS 0x0000000088100000, 0x0000000088100000|
| 100|0x0000000088200000, 0x0000000088200000, 0x0000000088300000|  0%| F|  |TS  0|AC  0|TAMS 0x0000000088200000, 0x0000000088200000|
| 101|0x0000000088300000, 0x0000000088300000, 0x0000000088400000|  0%| F|  |TS  0|AC  0|TAMS 0x0000000088300000, 0x0000000088300000|
| 102|0x0000000088400000, 0x0000000088400000, 0x0000000088500000|  0%| F|  |TS  2|AC  0|TAMS 0x0000000088400000, 0x0000000088400000|
| 103|0x0000000088500000, 0x0000000088500000, 0x0000000088600000|  0%| F|  |TS  2|AC  0|TAMS 0x0000000088500000, 0x0000000088500000|
| 104|0x0000000088600000, 0x0000000088600000, 0x0000000088700000|  0%| F|  |TS  1|AC  0|TAMS 0x0000000088600000, 0x0000000088600000|
| 105|0x0000000088700000, 0x0000000088700000, 0x0000000088800000|  0%| F|  |TS  1|AC  0|TAMS 0x0000000088700000, 0x0000000088700000|
| 106|0x0000000088800000, 0x0000000088800000, 0x0000000088900000|  0%| F|  |TS  1|AC  0|TAMS 0x0000000088800000, 0x0000000088800000|
| 107|0x0000000088900000, 0x0000000088900000, 0x0000000088a00000|  0%| F|  |TS  1|AC  0|TAMS 0x0000000088900000, 0x0000000088900000|
| 108|0x0000000088a00000, 0x0000000088a00000, 0x0000000088b00000|  0%| F|  |TS  1|AC  0|TAMS 0x0000000088a00000, 0x0000000088a00000|
| 109|0x0000000088b00000, 0x0000000088b00000, 0x0000000088c00000|  0%| F|  |TS  1|AC  0|TAMS 0x0000000088b00000, 0x0000000088b00000|
| 110|0x0000000088c00000, 0x0000000088c00000, 0x0000000088d00000|  0%| F|  |TS  1|AC  0|TAMS 0x0000000088c00000, 0x0000000088c00000|
| 111|0x0000000088d00000, 0x0000000088d00000, 0x0000000088e00000|  0%| F|  |TS  1|AC  0|TAMS 0x0000000088d00000, 0x0000000088d00000|
| 112|0x0000000088e00000, 0x0000000088e00000, 0x0000000088f00000|  0%| F|  |TS  1|AC  0|TAMS 0x0000000088e00000, 0x0000000088e00000|
| 113|0x0000000088f00000, 0x0000000088f00000, 0x0000000089000000|  0%| F|  |TS  1|AC  0|TAMS 0x0000000088f00000, 0x0000000088f00000|
| 114|0x0000000089000000, 0x0000000089000000, 0x0000000089100000|  0%| F|  |TS  1|AC  0|TAMS 0x0000000089000000, 0x0000000089000000|
| 115|0x0000000089100000, 0x0000000089100000, 0x0000000089200000|  0%| F|  |TS  1|AC  0|TAMS 0x0000000089100000, 0x0000000089100000|
| 116|0x0000000089200000, 0x0000000089200000, 0x0000000089300000|  0%| F|  |TS  1|AC  0|TAMS 0x0000000089200000, 0x0000000089200000|
| 117|0x0000000089300000, 0x0000000089300000, 0x0000000089400000|  0%| F|  |TS  1|AC  0|TAMS 0x0000000089300000, 0x0000000089300000|
| 118|0x0000000089400000, 0x0000000089400000, 0x0000000089500000|  0%| F|  |TS  1|AC  0|TAMS 0x0000000089400000, 0x0000000089400000|
| 119|0x0000000089500000, 0x0000000089500000, 0x0000000089600000|  0%| F|  |TS  1|AC  0|TAMS 0x0000000089500000, 0x0000000089500000|
| 120|0x0000000089600000, 0x00000000896cab50, 0x0000000089700000| 79%| S|CS|TS  2|AC  0|TAMS 0x0000000089600000, 0x0000000089600000|
| 121|0x0000000089700000, 0x0000000089800000, 0x0000000089800000|100%| S|CS|TS  2|AC  0|TAMS 0x0000000089700000, 0x0000000089700000|
| 122|0x0000000089800000, 0x0000000089800000, 0x0000000089900000|  0%| F|  |TS  2|AC  0|TAMS 0x0000000089800000, 0x0000000089800000|
| 123|0x0000000089900000, 0x0000000089900000, 0x0000000089a00000|  0%| F|  |TS  2|AC  0|TAMS 0x0000000089900000, 0x0000000089900000|
| 124|0x0000000089a00000, 0x0000000089a00000, 0x0000000089b00000|  0%| F|  |TS  2|AC  0|TAMS 0x0000000089a00000, 0x0000000089a00000|
| 125|0x0000000089b00000, 0x0000000089b00000, 0x0000000089c00000|  0%| F|  |TS  2|AC  0|TAMS 0x0000000089b00000, 0x0000000089b00000|
| 126|0x0000000089c00000, 0x0000000089c00000, 0x0000000089d00000|  0%| F|  |TS  2|AC  0|TAMS 0x0000000089c00000, 0x0000000089c00000|
| 127|0x0000000089d00000, 0x0000000089d00000, 0x0000000089e00000|  0%| F|  |TS  2|AC  0|TAMS 0x0000000089d00000, 0x0000000089d00000|

Card table byte_map: [0x000001d3fbda0000,0x000001d3fc1a0000] byte_map_base: 0x000001d3fb991000

Marking Bits (Prev, Next): (CMBitMap*) 0x000001d3f93a8320, (CMBitMap*) 0x000001d3f93a8358
 Prev Bits: [0x000001d3fc5a0000, 0x000001d3fe528000)
 Next Bits: [0x000001d39a2b0000, 0x000001d39c238000)

Polling page: 0x000001d3f9150000

CodeHeap 'non-profiled nmethods': size=120000Kb used=228Kb max_used=228Kb free=119771Kb
 bounds [0x000001d392d80000, 0x000001d392ff0000, 0x000001d39a2b0000]
CodeHeap 'profiled nmethods': size=120000Kb used=559Kb max_used=559Kb free=119440Kb
 bounds [0x000001d38b850000, 0x000001d38bac0000, 0x000001d392d80000]
CodeHeap 'non-nmethods': size=5760Kb used=1056Kb max_used=1065Kb free=4703Kb
 bounds [0x000001d38b2b0000, 0x000001d38b520000, 0x000001d38b850000]
 total_blobs=968 nmethods=419 adapters=260
 compilation: enabled

Compilation events (10 events):
Event: 1.058 Thread 0x000001d3ff03c000  407       4       java.nio.Buffer::hasRemaining (17 bytes)
Event: 1.058 Thread 0x000001d3ff03c000 nmethod 407 0x000001d392db7590 code [0x000001d392db7720, 0x000001d392db7798]
Event: 1.064 Thread 0x000001d3ff03d000  409       1       java.lang.Enum::ordinal (5 bytes)
Event: 1.064 Thread 0x000001d3ff03d000 nmethod 409 0x000001d392db7a10 code [0x000001d392db7bc0, 0x000001d392db7cd8]
Event: 1.067 Thread 0x000001d3ff03d000  413   !   3       java.lang.ref.ReferenceQueue::poll (28 bytes)
Event: 1.067 Thread 0x000001d3ff03d000 nmethod 413 0x000001d38b8db010 code [0x000001d38b8db1e0, 0x000001d38b8db550]
Event: 1.068 Thread 0x000001d3ff03d000  416       1       java.lang.invoke.MethodType$ConcurrentWeakInternSet$WeakEntry::hashCode (5 bytes)
Event: 1.068 Thread 0x000001d3ff03d000 nmethod 416 0x000001d392db8d90 code [0x000001d392db8f40, 0x000001d392db9058]
Event: 1.068 Thread 0x000001d3ff03d000  418       3       java.lang.ref.Reference::<init> (7 bytes)
Event: 1.069 Thread 0x000001d3ff03d000 nmethod 418 0x000001d38b8db690 code [0x000001d38b8db860, 0x000001d38b8dbb78]

GC Heap History (4 events):
Event: 0.912 GC heap before
{Heap before GC invocations=0 (full 0):
 garbage-first heap   total 131072K, used 25600K [0x0000000081e00000, 0x0000000100000000)
  region size 1024K, 24 young (24576K), 0 survivors (0K)
 Metaspace       used 6288K, capacity 6448K, committed 6784K, reserved 1056768K
  class space    used 480K, capacity 528K, committed 640K, reserved 1048576K
}
Event: 0.915 GC heap after
{Heap after GC invocations=1 (full 0):
 garbage-first heap   total 131072K, used 1448K [0x0000000081e00000, 0x0000000100000000)
  region size 1024K, 2 young (2048K), 2 survivors (2048K)
 Metaspace       used 6288K, capacity 6448K, committed 6784K, reserved 1056768K
  class space    used 480K, capacity 528K, committed 640K, reserved 1048576K
}
Event: 1.069 GC heap before
{Heap before GC invocations=1 (full 0):
 garbage-first heap   total 131072K, used 6568K [0x0000000081e00000, 0x0000000100000000)
  region size 1024K, 8 young (8192K), 2 survivors (2048K)
 Metaspace       used 7388K, capacity 7478K, committed 7552K, reserved 1064960K
  class space    used 564K, capacity 594K, committed 640K, reserved 1048576K
}
Event: 1.072 GC heap after
{Heap after GC invocations=2 (full 0):
 garbage-first heap   total 131072K, used 1834K [0x0000000081e00000, 0x0000000100000000)
  region size 1024K, 2 young (2048K), 2 survivors (2048K)
 Metaspace       used 7388K, capacity 7478K, committed 7552K, reserved 1064960K
  class space    used 564K, capacity 594K, committed 640K, reserved 1048576K
}

Deoptimization events (6 events):
Event: 0.136 Thread 0x000001d3f9308800 Uncommon trap: reason=unstable_if action=reinterpret pc=0x000001d392d81f78 method=java.lang.String.isLatin1()Z @ 10 c2
Event: 0.142 Thread 0x000001d3f9308800 Uncommon trap: reason=unstable_if action=reinterpret pc=0x000001d392d82b70 method=java.lang.String.hashCode()I @ 14 c2
Event: 1.034 Thread 0x000001d3ff91c800 Uncommon trap: reason=class_check action=maybe_recompile pc=0x000001d392d9a18c method=java.nio.Buffer.<init>(IIII)V @ 33 c2
Event: 1.036 Thread 0x000001d3ff91c800 Uncommon trap: reason=class_check action=maybe_recompile pc=0x000001d392d9a18c method=java.nio.Buffer.<init>(IIII)V @ 33 c2
Event: 1.056 Thread 0x000001d3ff91c800 Uncommon trap: reason=class_check action=maybe_recompile pc=0x000001d392d9a18c method=java.nio.Buffer.<init>(IIII)V @ 33 c2
Event: 1.056 Thread 0x000001d3ff91c800 Uncommon trap: reason=class_check action=maybe_recompile pc=0x000001d392d9a18c method=java.nio.Buffer.<init>(IIII)V @ 33 c2

Classes redefined (0 events):
No events

Internal exceptions (0 events):
No events

Events (10 events):
Event: 1.068 loading class java/lang/invoke/ClassSpecializer$1 done
Event: 1.068 loading class java/lang/invoke/SimpleMethodHandle
Event: 1.068 loading class java/lang/invoke/SimpleMethodHandle done
Event: 1.068 loading class java/lang/invoke/BoundMethodHandle$Species_L
Event: 1.069 loading class java/lang/invoke/BoundMethodHandle$Species_L done
Event: 1.069 loading class java/lang/invoke/DirectMethodHandle$1
Event: 1.069 loading class java/lang/invoke/DirectMethodHandle$1 done
Event: 1.069 loading class java/lang/invoke/DirectMethodHandle$Accessor
Event: 1.069 loading class java/lang/invoke/DirectMethodHandle$Accessor done
Event: 1.069 Executing VM operation: CollectForMetadataAllocation


Dynamic libraries:
0x00007ff754f90000 - 0x00007ff754fce000 	C:\eclips\pleiades\java\10\bin\java.exe
0x00007ff8c25e0000 - 0x00007ff8c27d0000 	C:\WINDOWS\SYSTEM32\ntdll.dll
0x00007ff8c0d10000 - 0x00007ff8c0dc2000 	C:\WINDOWS\System32\KERNEL32.DLL
0x00007ff8bf570000 - 0x00007ff8bf814000 	C:\WINDOWS\System32\KERNELBASE.dll
0x00007ff8c0a40000 - 0x00007ff8c0ae3000 	C:\WINDOWS\System32\ADVAPI32.dll
0x00007ff8c2430000 - 0x00007ff8c24ce000 	C:\WINDOWS\System32\msvcrt.dll
0x00007ff8c1ca0000 - 0x00007ff8c1d37000 	C:\WINDOWS\System32\sechost.dll
0x00007ff8c0920000 - 0x00007ff8c0a40000 	C:\WINDOWS\System32\RPCRT4.dll
0x00007ff8c0de0000 - 0x00007ff8c0f74000 	C:\WINDOWS\System32\USER32.dll
0x00007ff8bffc0000 - 0x00007ff8bffe1000 	C:\WINDOWS\System32\win32u.dll
0x00007ff8c1b70000 - 0x00007ff8c1b96000 	C:\WINDOWS\System32\GDI32.dll
0x00007ff8c01f0000 - 0x00007ff8c0385000 	C:\WINDOWS\System32\gdi32full.dll
0x00007ff8c03c0000 - 0x00007ff8c045e000 	C:\WINDOWS\System32\msvcp_win.dll
0x00007ff8c00f0000 - 0x00007ff8c01ea000 	C:\WINDOWS\System32\ucrtbase.dll
0x00007ff8af490000 - 0x00007ff8af714000 	C:\WINDOWS\WinSxS\amd64_microsoft.windows.common-controls_6595b64144ccf1df_6.0.18362.900_none_e6beb9d913147d17\COMCTL32.dll
0x00007ff8b6700000 - 0x00007ff8b670a000 	C:\WINDOWS\SYSTEM32\VERSION.dll
0x00007ff8c1150000 - 0x00007ff8c1485000 	C:\WINDOWS\System32\combase.dll
0x00007ff8c0460000 - 0x00007ff8c04e0000 	C:\WINDOWS\System32\bcryptPrimitives.dll
0x00007ff8c0ce0000 - 0x00007ff8c0d0e000 	C:\WINDOWS\System32\IMM32.DLL
0x00007ff87bc60000 - 0x00007ff87bd4f000 	C:\eclips\pleiades\java\10\bin\msvcr120.dll
0x00007ff87b070000 - 0x00007ff87b116000 	C:\eclips\pleiades\java\10\bin\msvcp120.dll
0x0000000053810000 - 0x0000000054280000 	C:\eclips\pleiades\java\10\bin\server\jvm.dll
0x00007ff8c1490000 - 0x00007ff8c1498000 	C:\WINDOWS\System32\PSAPI.DLL
0x00007ff8b9410000 - 0x00007ff8b9434000 	C:\WINDOWS\SYSTEM32\WINMM.dll
0x00007ff8be420000 - 0x00007ff8be429000 	C:\WINDOWS\SYSTEM32\WSOCK32.dll
0x00007ff8c10e0000 - 0x00007ff8c114f000 	C:\WINDOWS\System32\WS2_32.dll
0x00007ff8b93e0000 - 0x00007ff8b940d000 	C:\WINDOWS\SYSTEM32\winmmbase.dll
0x00007ff8c00a0000 - 0x00007ff8c00ea000 	C:\WINDOWS\System32\cfgmgr32.dll
0x00007ff8b73f0000 - 0x00007ff8b73ff000 	C:\eclips\pleiades\java\10\bin\verify.dll
0x00007ff8bcf00000 - 0x00007ff8bd0f4000 	C:\WINDOWS\SYSTEM32\DBGHELP.DLL
0x00007ff89c120000 - 0x00007ff89c14a000 	C:\WINDOWS\SYSTEM32\dbgcore.DLL
0x00007ff89c0b0000 - 0x00007ff89c0d7000 	C:\eclips\pleiades\java\10\bin\java.dll
0x00007ff896370000 - 0x00007ff89639a000 	C:\eclips\pleiades\java\10\bin\instrument.dll
0x00007ff89bfd0000 - 0x00007ff89bfe6000 	C:\eclips\pleiades\java\10\bin\zip.dll
0x00007ff8b73b0000 - 0x00007ff8b73ba000 	C:\eclips\pleiades\java\10\bin\jimage.dll
0x00007ff8c1d40000 - 0x00007ff8c2426000 	C:\WINDOWS\System32\SHELL32.dll
0x00007ff8c1570000 - 0x00007ff8c1619000 	C:\WINDOWS\System32\shcore.dll
0x00007ff8bf820000 - 0x00007ff8bffa0000 	C:\WINDOWS\System32\windows.storage.dll
0x00007ff8bf520000 - 0x00007ff8bf543000 	C:\WINDOWS\System32\profapi.dll
0x00007ff8bf4d0000 - 0x00007ff8bf51a000 	C:\WINDOWS\System32\powrprof.dll
0x00007ff8bf4a0000 - 0x00007ff8bf4b0000 	C:\WINDOWS\System32\UMPDC.dll
0x00007ff8c1620000 - 0x00007ff8c1672000 	C:\WINDOWS\System32\shlwapi.dll
0x00007ff8bf4b0000 - 0x00007ff8bf4c1000 	C:\WINDOWS\System32\kernel.appcore.dll
0x00007ff8bffa0000 - 0x00007ff8bffb7000 	C:\WINDOWS\System32\cryptsp.dll
0x00007ff898040000 - 0x00007ff89805a000 	C:\eclips\pleiades\java\10\bin\net.dll
0x00007ff8ae9a0000 - 0x00007ff8aea90000 	C:\WINDOWS\SYSTEM32\WINHTTP.dll
0x00007ff8bed10000 - 0x00007ff8bed77000 	C:\WINDOWS\system32\mswsock.dll
0x00007ff8973d0000 - 0x00007ff8973e1000 	C:\eclips\pleiades\java\10\bin\nio.dll
0x00007ff896350000 - 0x00007ff89636a000 	C:\Program Files\JetBrains\IntelliJ IDEA Community Edition 2020.1.2\bin\breakgen64.dll

dbghelp: loaded successfully - version: 4.0.5 - missing functions: none
symbol engine: initialized successfully - sym options: 0x614 - pdb path: .;C:\eclips\pleiades\java\10\bin;C:\WINDOWS\SYSTEM32;C:\WINDOWS\WinSxS\amd64_microsoft.windows.common-controls_6595b64144ccf1df_6.0.18362.900_none_e6beb9d913147d17;C:\eclips\pleiades\java\10\bin\server;C:\Program Files\JetBrains\IntelliJ IDEA Community Edition 2020.1.2\bin

VM Arguments:
jvm_args: -javaagent:C:\Program Files\JetBrains\IntelliJ IDEA Community Edition 2020.1.2\lib\idea_rt.jar=57643:C:\Program Files\JetBrains\IntelliJ IDEA Community Edition 2020.1.2\bin -Dfile.encoding=UTF-8 
java_command: MainKt
java_class_path (initial): C:\Users\s19013\my_program\Kotlin\etc\hanoi\out\production\hanoi;C:\Users\s19013\AppData\Roaming\JetBrains\IdeaIC2020.1\plugins\Kotlin\kotlinc\lib\kotlin-stdlib.jar;C:\Users\s19013\AppData\Roaming\JetBrains\IdeaIC2020.1\plugins\Kotlin\kotlinc\lib\kotlin-reflect.jar;C:\Users\s19013\AppData\Roaming\JetBrains\IdeaIC2020.1\plugins\Kotlin\kotlinc\lib\kotlin-test.jar;C:\Users\s19013\AppData\Roaming\JetBrains\IdeaIC2020.1\plugins\Kotlin\kotlinc\lib\kotlin-stdlib-jdk7.jar;C:\Users\s19013\AppData\Roaming\JetBrains\IdeaIC2020.1\plugins\Kotlin\kotlinc\lib\kotlin-stdlib-jdk8.jar
Launcher Type: SUN_STANDARD

Logging:
Log output configuration:
#0: stdout all=warning uptime,level,tags
#1: stderr all=off uptime,level,tags

Environment Variables:
JAVA_HOME=C:\Program Files\Java\jdk1.8.0_251
PATH=C:\Program Files (x86)\Common Files\Oracle\Java\javapath;C:\Program Files (x86)\Intel\Intel(R) Management Engine Components\iCLS\;C:\Program Files\Intel\Intel(R) Management Engine Components\iCLS\;C:\WINDOWS\system32;C:\WINDOWS;C:\WINDOWS\System32\Wbem;C:\WINDOWS\System32\WindowsPowerShell\v1.0\;C:\WINDOWS\System32\OpenSSH\;C:\Program Files (x86)\Intel\Intel(R) Management Engine Components\DAL;C:\Program Files\Intel\Intel(R) Management Engine Components\DAL;C:\Program Files\Acer ProShield\;C:\Program Files\Acer ProShield\x86;C:\Program Files\Git\cmd;C:\Program Files\Microsoft SQL Server\Client SDK\ODBC\170\Tools\Binn\;C:\Program Files (x86)\Microsoft SQL Server\150\Tools\Binn\;C:\Program Files\Microsoft SQL Server\150\Tools\Binn\;C:\Program Files\Microsoft SQL Server\150\DTS\Binn\;C:\Program Files (x86)\Microsoft SQL Server\150\DTS\Binn\;C:\Program Files\Java\jdk1.8.0_251\bin;C:\Program Files\MySQL\MySQL Shell 8.0\bin\;C:\ProgramData\s19013\atom\bin;C:\Users\s19013\AppData\Local\atom\bin;C:\Users\s19013\AppData\Local\Microsoft\WindowsApps;C:\Users\s19013\AppData\Local\Microsoft\WindowsApps;C:\Users\s19013\AppData\Local\Programs\Microsoft VS Code\bin;
USERNAME=s19013
OS=Windows_NT
PROCESSOR_IDENTIFIER=Intel64 Family 6 Model 142 Stepping 10, GenuineIntel



---------------  S Y S T E M  ---------------

OS: Windows 10 , 64 bit Build 18362 (10.0.18362.900)

CPU:total 8 (initial active 8) (4 cores per cpu, 2 threads per core) family 6 model 142 stepping 10, cmov, cx8, fxsr, mmx, sse, sse2, sse3, ssse3, sse4.1, sse4.2, popcnt, avx, avx2, aes, clmul, erms, 3dnowpref, lzcnt, ht, tsc, tscinvbit, bmi1, bmi2, adx, fma

Memory: 4k page, physical 8258792k(885492k free), swap 12354792k(5256k free)

vm_info: Java HotSpot(TM) 64-Bit Server VM (10.0.1+10) for windows-amd64 JRE (10.0.1+10), built on Mar 27 2018 02:27:48 by "mach5one" with MS VC++ 12.0 (VS2013)

END.
